This is pdfTeX, Version 3.141592653-2.6-1.40.25 (TeX Live 2023) (preloaded format=latex 2023.10.14)  15 OCT 2023 19:59
entering extended mode
 restricted \write18 enabled.
 %&-line parsing enabled.
**/Users/xtiandiaz/Downloads/soul/soul.ins
(/Users/xtiandiaz/Downloads/soul/soul.ins
LaTeX2e <2022-11-01> patch level 1
L3 programming layer <2023-02-22>
(/usr/local/texlive/2023basic/texmf-dist/tex/latex/l3kernel/l3docstrip.tex
(/usr/local/texlive/2023basic/texmf-dist/tex/latex/base/docstrip.tex
\blockLevel=\count185
\emptyLines=\count186
\processedLines=\count187
\commentsRemoved=\count188
\commentsPassed=\count189
\codeLinesPassed=\count190
\TotalprocessedLines=\count191
\TotalcommentsRemoved=\count192
\TotalcommentsPassed=\count193
\TotalcodeLinesPassed=\count194
\NumberOfFiles=\count195
\inFile=\read2
\inputcheck=\read3
\off@0=\count196
\off@1=\count197
\off@2=\count198
\off@3=\count199
\off@4=\count266
\off@5=\count267
\off@6=\count268
\off@7=\count269
\off@8=\count270
\off@9=\count271
\off@10=\count272
\off@11=\count273
\off@12=\count274
\off@13=\count275
\off@14=\count276
\off@15=\count277
\@maxfiles=\count278
\@maxoutfiles=\count279

Utility: `docstrip' v2.6b <2022-09-03>
English documentation    <2022-09-03>

**********************************************************
* This program converts documented macro-files into fast *
* loadable files by stripping off (nearly) all comments! *
**********************************************************

********************************************************
* No Configuration file found, using default settings. *
********************************************************

))

Generating file(s) ./soul.sty 
! Cannot find file soul.dtx.
\readsource ...ot find file \uptospace #1 \qStop }
                                                  \else \processedLines \z@ ...
l.66   }
        
? soul-ori.dtx
OK, entering \scrollmode...

Generating file(s) ./soul-ori.sty 
! Cannot find file soul-ori.dtx.
\readsource ...ot find file \uptospace #1 \qStop }
                                                  \else \processedLines \z@ ...
l.69 ...ul-ori.sty}{\from{soul-ori.dtx}{package}}}
                                                  
This error message was generated by an \errmessage
command, so I can't give any explicit help.
Pretend that you're Hercule Poirot: Examine all clues,
and deduce the truth by order and method.


Generating file(s) ./soulutf8.sty 
! Cannot find file soul.dtx.
\readsource ...ot find file \uptospace #1 \qStop }
                                                  \else \processedLines \z@ ...
l.72 ...{soulutf8.sty}{\from{soul.dtx}{soulutf8}}}
                                                  
(That was another \errmessage.)

 ) 
Here is how much of TeX's memory you used:
 338 strings out of 477477
 3922 string characters out of 5824269
 1849385 words of memory out of 5000000
 20671 multiletter control sequences out of 15000+600000
 512287 words of font info for 32 fonts, out of 8000000 for 9000
 319 hyphenation exceptions out of 8191
 13i,0n,15p,165b,43s stack positions out of 10000i,1000n,20000p,200000b,200000s

No pages of output.
